-----BEGIN PGP SIGNED MESSAGE-----
Hash: SHA1

The key has always been right in front of your eyes.

This isn't the quest for the Holy Grail.  Stop making 
it more difficult than it is. 

Good luck.

3301
-----BEGIN PGP SIGNATURE-----
Version: GnuPG v1.4.11 (GNU/Linux)

iQIcBAEBAgAGBQJPCBl3AAoJEBgfAeV6NQkPo6EQAKghp7ZKYxmsYM96iNQu5GZV
fbjUHsEL164ZLctGkgZx2H1HyYFEc6FGvcfzqs43vV/IzN4mK0SMy2qFPfjuG2JJ
tv3x2QfHMM3M2+dwX30bUD12UorMZNrLo8HjTpanYD9hL8WglbSIBJhnLE5CPlUS
BZRSx0yh1U+wbnlTQBxQI0xLkPIz+xCMBwSKl5BaCb006z43/HJt7NwynqWXJmVV
KScmkpFC3ISEBcYKhHHWv1IPQnFqMdW4dExXdRqWuwCshXpGXwDoOXfKVp5NW7Ix
9kCyfC7XC4iWXymGgd+/h4ccFFVm+WWOczOq/zeME+0vJhJqvj+fN2MZtvckpZbc
CMfLjn1z4w4d7mkbEpVjgVIU8/+KClNFPSf4asqjBKdrcCEMAl80vZorElG6OVIH
aLV4XwqiSu0LEF1ESCqbxkEmqp7U7CHl2VW6qv0h0Gxy+/UT0W1NoLJTzLBFiOzy
QIqqpgVg0dAFs74SlIf3oUTxt6IUpQX5+uo8kszMHTJQRP7K22/A3cc/VS/2Ydg4
o6OfN54Wcq+8IMZxEx+vxtmRJCUROVpHTTQ5unmyG9zQATxn8byD9Us070FAg6/v
jGjo1VVUxn6HX9HKxdx4wYGMP5grmD8k4jQdF1Z7GtbcqzDsxP65XCaOYmray1Jy
FG5OlgFyOflmjBXHsNad
=SqLP
-----END PGP SIGNATURE-----
