-----BEGIN PGP SIGNED MESSAGE-----
Hash: SHA1

52.216802, 21.018334  
48.85057059876962, 2.406892329454422 
48.85030144151387,2.407538741827011  
47.664196,  -122.313301 
47.637520, -122.346277 
47.622993, -122.312576 
37.5196666666667, 126.995 
33.966808, -117.650488 
29.909098706850486 -89.99312818050384 
25.684702, -80.441289 
21.584069, -158.104211 
- -33.90281, 151.18421 
3301
-----BEGIN PGP SIGNATURE-----
Version: GnuPG v1.4.11 (GNU/Linux)

iQIcBAEBAgAGBQJPChn7AAoJEBgfAeV6NQkPZxMP/05D9TkSpwRaBXPqYthuyqxx
uo+ZDyr/yVIlAdurTBiWb3aGxKJjtWg/vlcHcatK0TGL2qaHwB/FFZQAaqOyU7Zf
DXdpWr8PWoWhpWNYUK8IrOaYu1SmWlJnkTdUSzGrX0lbwjwMmJJoPNS7CJuO6MaA
2GIwpv2G7lYqnH3xeX3kzGlPMsVb/wucKRjobsbdbreh1SNuQuRnhfe4s+oHTTqs
XjtGL/VhBI0DUAdfLqW7z4C+Gvbx6okC8x5Sj2N2UTJOiyMYXz5+QyHoA6fo9g5V
6zodNpx/RvxuZP2Ssc9TqERgTo5FjRBpON1vjDalHgg0H2Fus2LK3gh+NZfj1i5b
Oqa4Cqd9epI2pe+glXn86j9crS+2BEAr1cguqAFepvI9sdFEornDja4VXwDtUdM8
9hMVkU5NiTUYfvxZbL6W7rHIF7wxjGUwpe1ViuixG+cKNfv0enrt60PrtDByBOWI
9LLIUE0cB5HDT1xrczZ/55CtuM3Zf07/l0nLFdmgR0oa8KUA9gWcPs6S1EpBa185
VcyOTqbpIPiT8neiJEkXarbJeFk15m1P73Fr8XZxdj7EHK0aOwGYcc8e4PmW/dSh
gcrSNXiePCbcRVRD2n9L47C0LkNyRpoBkmjvtpcRyp5ISe+0xcx/QI+gc1lkSijC
89qV+ymCHae1RiSDxVbd
=ZJ37
-----END PGP SIGNATURE-----
