-----BEGIN PGP SIGNED MESSAGE-----
Hash: SHA1

- From here on out, we will cryptographically sign all messages with this key.

It is available on the mit keyservers.  Key ID 7A35090F, as posted in a2e7j6ic78h0j.

Patience is a virtue.

Good luck.

3301
-----BEGIN PGP SIGNATURE-----
Version: GnuPG v1.4.11 (GNU/Linux)

iQIcBAEBAgAGBQJPBRz7AAoJEBgfAeV6NQkP1UIQALFcO8DyZkecTK5pAIcGez7k
ewjGBoCfjfO2NlRROuQm5CteXiH3Te5G+5ebsdRmGWVcah8QzN4UjxpKcTQRPB9e
/ehVI5BiBJq8GlOnaSRZpzsYobwKH6Jy6haAr3kPFK1lOXXyHSiNnQbydGw9BFRI
fSr//DY86BUILE8sGJR6FA8Vzjiifcv6mmXkk3ICrT8z0qY7m/wFOYjgiSohvYpg
x5biG6TBwxfmXQOaITdO5rO8+4mtLnP//qN7E9zjTYj4Z4gBhdf6hPSuOqjh1s+6
/C6IehRChpx8gwpdhIlNf1coz/ZiggPiqdj75Tyqg88lEr66fVVB2d7PGObSyYSp
HJl8llrt8Gnk1UaZUS6/eCjnBniV/BLfZPVD2VFKH2Vvvty8sL+S8hCxsuLCjydh
skpshcjMVV9xPIEYzwSEaqBq0ZMdNFEPxJzC0XISlWSfxROm85r3NYvbrx9lwVbP
mUpLKFn8ZcMbf7UX18frgOtujmqqUvDQ2dQhmCUywPdtsKHFLc1xIqdrnRWUS3CD
eejUzGYDB5lSflujTjLPgGvtlCBW5ap00cfIHUZPOzmJWoEzgFgdNc9iIkcUUlke
e2WbYwCCuwSlLsdQRMA//PJN+a1h2ZMSzzMbZsr/YXQDUWvEaYI8MckmXEkZmDoA
RL0xkbHEFVGBmoMPVzeC
=fRcg
-----END PGP SIGNATURE-----
