-----BEGIN PGP SIGNED MESSAGE-----
Hash: SHA1

Miss round 1?  
Care for a second chance?
http://i.imgur.com/hkdgl.png
1:22
3:33
3:40
6:19
4:7
4:8
4:7
9:23
12:12
4:16
16:7
11:16
1:7
5:14
3:35
2:2
4:26
1:12
3:11
3:28
4:23
18:18

Good luck.
3301
-----BEGIN PGP SIGNATURE-----
Version: GnuPG v1.4.11 (GNU/Linux)

iQIcBAEBAgAGBQJPDTiqAAoJEBgfAeV6NQkPytAP/1UQeylwYBjQWuzr8pbERN04
wlZVCG5SjGanqfQKxSa5Z8YOVR9LRlT6sHBKgfOEDztj+6RM2SvX7Y2Mw9mA4g90
7bizXi8IkP5K3tMvNxcA6uEy0rSchJt4D93zzjPvS7lm6jGO1gJQXrwMUd4fACs1
hxZ3Cxva0MIS+r8MxRJbU/mKbDvnEr6fwUaB6m1vFgYW6wTM4qS2ES04ic+mlkbR
0/eRPnFIBb06XjQpijDAGiisgVORaUUrUJGX+Wnp61CVobBmKwUdw3n0AxbKRC3/
Nja0HYvXexWDiRgxE2YjZyq0Pk4TnZoXxTnyS6NKZ1i1Qxysu4xUfuLO3L6zrnQP
TT4EsqDxzMAKQuJS6qo/pLsdCqyXO1Jr4wIlaG5AGYKMjt9k61Y12WLiqhpLTgzd
AtUTejZzThXqbhmm4wPCVk+Vsik8PLs/Ts6DooB3Ki3AtRtldmeCXdo+mid3Og+A
IKw9+KtB2JDd4a6DbsNbRDIt1pZmyPA3xmmksc8ogx/CEPATPwL7JaN5UwVNSZKM
6MiJ1+b39Kx9ckQ8vSuYa5cALDiUwZPddopl29zbVmKciW+sDGfSiSroXw7khNJs
dzmJ4hR2R7Bbv23Ngxt/M/J5/udOd0AaeDKMxfLNnaLqm8FiaWqnL5TwkzMFnad7
RKpOZq9TkllIE6NBB4wc
=mGcB
-----END PGP SIGNATURE-----
