-----BEGIN PGP SIGNED MESSAGE-----
Hash: SHA1

Hello.
  
We have now found the individuals we sought.   
Thus our month-long journey ends.     
       
For now.           
             
Thank you for your dedication and effort.  If you 
were unable to complete the test, or did not receive 
an email, do not despair.  
           
There will be more opportunities like this one.
       
Thank you all.
     
3301
   
  
P.S. 1041279065891998535982789873959431895640\
442510695567564373922695237268242385295908173\
9834390370374475764863415203423499357108713631

-----BEGIN PGP SIGNATURE-----
Version: GnuPG v1.4.11 (GNU/Linux)

iQIcBAEBAgAGBQJPMFtcAAoJEBgfAeV6NQkPiyIQAMBkZSKkzNqkRiiw4OeEDiRE
eMOHNOOpy+r4+p898RmS4+QlrpyDjyRxeto5RVYqYuzqgZHBMF9EMSfSLqE3PKIG
Jta4mIggG1Xte+zwVzXBdVBk/4vWqqdMPBtZ4kQjfoc2n3/pUK+eGqmtxWLIzyUL
iug0zmWFN1ZOOMfXcWOfXsiRD9neSxxLwGDY91vxJSTUH7yfC21Mot2eom1PAki8
cwJqt2H56hUmJ339edHcXqLnUxvIbEa/so6hgSrA3U/A0EiTjzJ2YWuPqc4N866D
a9tgz0euQsZtl0XqtJZ48DWPja3bLDJYeRed1Qr+bAdXEgPBNgJQgT8kjcAhdqj/
TPvoYTXMQwvbT5IDiuYum4Vn2h4Z7BX8l7VdZBLNdgjapNohgOy+00DJFp8bG7em
mPlheAl7aLyHzbKPrpINCdgJhe4KfhPDhdsWFYJA99S61wwHPKlOrCgLGEcvH1YC
pOZKFZfCO+BMu2rz3JCfrSuGvyDwq54F8/Jc5zlHYCGNcTsvU0JO8F/ykNetl1qY
AIDNR9VHVwdR9/XiVTGXj0iOUKp1pzJlUY1Zi95vxNMC/WpiUu/AepEOLVIy/nsz
iAU8Xhke5xJPjKHb6pJOgH8gfe0QjuRacvg2oJL2YAKR/MT95kJmW7Wl+m68fcED
Cvvt7a3uW/YLSOL/S4/6
=HMPw
-----END PGP SIGNATURE-----
